[debug] [2024-03-19T15:56:48.479Z] ----------------------------------------------------------------------
[debug] [2024-03-19T15:56:48.481Z] Command:       /usr/local/bin/node /usr/local/bin/firebase deploy
[debug] [2024-03-19T15:56:48.481Z] CLI Version:   13.5.1
[debug] [2024-03-19T15:56:48.481Z] Platform:      darwin
[debug] [2024-03-19T15:56:48.481Z] Node Version:  v20.7.0
[debug] [2024-03-19T15:56:48.481Z] Time:          Tue Mar 19 2024 09:56:48 GMT-0600 (Mountain Daylight Time)
[debug] [2024-03-19T15:56:48.481Z] ----------------------------------------------------------------------
[debug] 
[debug] [2024-03-19T15:56:48.516Z] > command requires scopes: ["email","openid","https://www.googleapis.com/auth/cloudplatformprojects.readonly","https://www.googleapis.com/auth/firebase","https://www.googleapis.com/auth/cloud-platform"]
[debug] [2024-03-19T15:56:48.516Z] > authorizing via signed-in user (erikj3520@gmail.com)
[debug] [2024-03-19T15:56:48.516Z] [iam] checking project hail-columbia-ranch for permissions ["firebase.projects.get","firebasehosting.sites.update"]
[debug] [2024-03-19T15:56:48.517Z] >>> [apiv2][query] POST https://cloudresourcemanager.googleapis.com/v1/projects/hail-columbia-ranch:testIamPermissions [none]
[debug] [2024-03-19T15:56:48.517Z] >>> [apiv2][(partial)header] POST https://cloudresourcemanager.googleapis.com/v1/projects/hail-columbia-ranch:testIamPermissions x-goog-quota-user=projects/hail-columbia-ranch
[debug] [2024-03-19T15:56:48.517Z] >>> [apiv2][body] POST https://cloudresourcemanager.googleapis.com/v1/projects/hail-columbia-ranch:testIamPermissions {"permissions":["firebase.projects.get","firebasehosting.sites.update"]}
[debug] [2024-03-19T15:56:48.894Z] <<< [apiv2][status] POST https://cloudresourcemanager.googleapis.com/v1/projects/hail-columbia-ranch:testIamPermissions 200
[debug] [2024-03-19T15:56:48.894Z] <<< [apiv2][body] POST https://cloudresourcemanager.googleapis.com/v1/projects/hail-columbia-ranch:testIamPermissions {"permissions":["firebase.projects.get","firebasehosting.sites.update"]}
[debug] [2024-03-19T15:56:48.896Z] >>> [apiv2][query] GET https://firebase.googleapis.com/v1beta1/projects/hail-columbia-ranch [none]
[debug] [2024-03-19T15:56:49.216Z] <<< [apiv2][status] GET https://firebase.googleapis.com/v1beta1/projects/hail-columbia-ranch 200
[debug] [2024-03-19T15:56:49.216Z] <<< [apiv2][body] GET https://firebase.googleapis.com/v1beta1/projects/hail-columbia-ranch {"projectId":"hail-columbia-ranch","projectNumber":"914957116820","displayName":"hail-columbia-ranch","name":"projects/hail-columbia-ranch","resources":{"hostingSite":"hail-columbia-ranch"},"state":"ACTIVE","etag":"1_3c2c6c01-68f2-4d26-a919-67c4afe94f6d"}
[debug] [2024-03-19T15:56:49.218Z] Specified "public" directory "/build" does not exist; Deploy to Hosting site "hail-columbia-ranch" may fail or be empty.
[info] 
[info] === Deploying to 'hail-columbia-ranch'...
[info] 
[info] i  deploying hosting 
[debug] [2024-03-19T15:56:49.220Z] >>> [apiv2][query] POST https://firebasehosting.googleapis.com/v1beta1/projects/-/sites/hail-columbia-ranch/versions [none]
[debug] [2024-03-19T15:56:49.221Z] >>> [apiv2][body] POST https://firebasehosting.googleapis.com/v1beta1/projects/-/sites/hail-columbia-ranch/versions {"status":"CREATED","labels":{"deployment-tool":"cli-firebase"}}
[debug] [2024-03-19T15:56:51.282Z] <<< [apiv2][status] POST https://firebasehosting.googleapis.com/v1beta1/projects/-/sites/hail-columbia-ranch/versions 200
[debug] [2024-03-19T15:56:51.282Z] <<< [apiv2][body] POST https://firebasehosting.googleapis.com/v1beta1/projects/-/sites/hail-columbia-ranch/versions {"name":"projects/914957116820/sites/hail-columbia-ranch/versions/1663dd79f378ecf3","status":"CREATED","config":{},"labels":{"deployment-tool":"cli-firebase"}}
[info] i  hosting[hail-columbia-ranch]: beginning deploy... 
[info] i  hosting[hail-columbia-ranch]: found 18 files in /build 
[debug] [2024-03-19T15:56:51.286Z] [hosting] uploading with 200 concurrency
[debug] [2024-03-19T15:56:51.286Z] [hosting] hash cache [YnVpbGQ] not populated
[debug] [2024-03-19T15:56:51.763Z] [hosting] hash cache [YnVpbGQ] stored for 18 files
[debug] [2024-03-19T15:56:51.763Z] [hosting][hash queue][FINAL] {"max":473,"min":3,"avg":83.05555555555556,"active":0,"complete":18,"success":18,"errored":0,"retried":0,"total":18,"elapsed":476}
[debug] [2024-03-19T15:56:51.763Z] >>> [apiv2][query] POST https://firebasehosting.googleapis.com/v1beta1/projects/914957116820/sites/hail-columbia-ranch/versions/1663dd79f378ecf3:populateFiles [none]
[debug] [2024-03-19T15:56:51.763Z] >>> [apiv2][body] POST https://firebasehosting.googleapis.com/v1beta1/projects/914957116820/sites/hail-columbia-ranch/versions/1663dd79f378ecf3:populateFiles {"files":{"/asset-manifest.json":"ccfdee9162a14d34d60c6f7f1f1eef1f9558325281e78e0b80a15777f65a2bb9","/logo192.png":"caff018b7f1e8fd481eb1c50d75b0ef236bcd5078b1d15c8bb348453fee30293","/index.html":"1a9ad38ab8b24174f184db3ebb5e66f7d0ff83ec67fb8443cf37f1d083e03866","/robots.txt":"391d14b3c2f8c9143a27a28c7399585142228d4d1bdbe2c87ac946de411fa9a2","/manifest.json":"341d52628782f8ac9290bbfc43298afccb47b7cbfcee146ae30cf0f46bc30900","/favicon.ico":"b72f7455f00e4e58792d2bca892abb068e2213838c0316d6b7a0d6d16acd1955","/logo512.png":"191fc21360b4ccfb1cda11a1efb97f489ed22672ca83f4064316802bbfdd750e","/static/css/main.e7a51873.css":"2e5de4ec0210f6fb182d506d124aff13bc0d41b32c6c826e8152c2b1be7693a9","/static/js/main.5fa14777.js.LICENSE.txt":"730bd872dda7e2474b1badf53ea2f4792d3ecc1942f324d8ed572880200d878a","/static/css/main.e7a51873.css.map":"e91a7fc5430b73880030379653fc5b31debb56d9a88bb473543654b9f801c2b5","/static/media/index.9011c6b325fe7b232949.js":"41ba93fdb297c7da3860d2f2c9437dccd0502c4d02718cc3addeb09a57ffb0f5","/static/media/ostrich-black.eec1ce9a59405a01c3fd.woff":"39365b800589c0663b9c34ff3e7c4ee0794b3c15b8565e2653564a82dfdf38aa","/static/js/main.5fa14777.js":"08780ef2d0df0a767d01437469e492f61025d3ceeb5f52bbdc57d9a3cc5d81b2","/static/js/main.5fa14777.js.map":"b96f963fb8473b7b66154aa0e7ed2597409529fbad328738a7d66ca4623166f6","/static/media/McGrath-18.b41722c7f95e61e61b02.jpg":"599933d11f65959ce1d63a3162f5dd0096936fe3fa58d4d6a83a649bb634e260","/static/media/McGrath-5.9fd060fa1895b9909a37.jpg":"78061b7f67e38eff517a817a7e26d02deac97cd2f0d0eb0ea5592ac434baa91f","/static/media/McGrath-7.d0e99d2f2ede93d4ae49.jpg":"89d253f78c4fb2f44dd816492340d409b5d894a1793bc62cbd8d096ea35dc0ea","/static/media/McGrath.97884603405fe1fb0006.jpg":"77464ebe1a7d2974554e760810945eec584869c71495503ffbc34622fa3a86a6"}}
[debug] [2024-03-19T15:56:52.333Z] <<< [apiv2][status] POST https://firebasehosting.googleapis.com/v1beta1/projects/914957116820/sites/hail-columbia-ranch/versions/1663dd79f378ecf3:populateFiles 200
[debug] [2024-03-19T15:56:52.334Z] <<< [apiv2][body] POST https://firebasehosting.googleapis.com/v1beta1/projects/914957116820/sites/hail-columbia-ranch/versions/1663dd79f378ecf3:populateFiles {"uploadRequiredHashes":["2e5de4ec0210f6fb182d506d124aff13bc0d41b32c6c826e8152c2b1be7693a9","77464ebe1a7d2974554e760810945eec584869c71495503ffbc34622fa3a86a6","391d14b3c2f8c9143a27a28c7399585142228d4d1bdbe2c87ac946de411fa9a2","39365b800589c0663b9c34ff3e7c4ee0794b3c15b8565e2653564a82dfdf38aa","599933d11f65959ce1d63a3162f5dd0096936fe3fa58d4d6a83a649bb634e260","e91a7fc5430b73880030379653fc5b31debb56d9a88bb473543654b9f801c2b5","78061b7f67e38eff517a817a7e26d02deac97cd2f0d0eb0ea5592ac434baa91f","1a9ad38ab8b24174f184db3ebb5e66f7d0ff83ec67fb8443cf37f1d083e03866","191fc21360b4ccfb1cda11a1efb97f489ed22672ca83f4064316802bbfdd750e","b72f7455f00e4e58792d2bca892abb068e2213838c0316d6b7a0d6d16acd1955","ccfdee9162a14d34d60c6f7f1f1eef1f9558325281e78e0b80a15777f65a2bb9","b96f963fb8473b7b66154aa0e7ed2597409529fbad328738a7d66ca4623166f6","08780ef2d0df0a767d01437469e492f61025d3ceeb5f52bbdc57d9a3cc5d81b2","41ba93fdb297c7da3860d2f2c9437dccd0502c4d02718cc3addeb09a57ffb0f5","caff018b7f1e8fd481eb1c50d75b0ef236bcd5078b1d15c8bb348453fee30293","89d253f78c4fb2f44dd816492340d409b5d894a1793bc62cbd8d096ea35dc0ea","341d52628782f8ac9290bbfc43298afccb47b7cbfcee146ae30cf0f46bc30900","730bd872dda7e2474b1badf53ea2f4792d3ecc1942f324d8ed572880200d878a"],"uploadUrl":"https://upload-firebasehosting.googleapis.com/upload/sites/hail-columbia-ranch/versions/1663dd79f378ecf3/files"}
[debug] [2024-03-19T15:56:52.338Z] >>> [apiv2][query] POST https://upload-firebasehosting.googleapis.com/upload/sites/hail-columbia-ranch/versions/1663dd79f378ecf3/files/2e5de4ec0210f6fb182d506d124aff13bc0d41b32c6c826e8152c2b1be7693a9 [none]
[debug] [2024-03-19T15:56:52.338Z] >>> [apiv2][body] POST https://upload-firebasehosting.googleapis.com/upload/sites/hail-columbia-ranch/versions/1663dd79f378ecf3/files/2e5de4ec0210f6fb182d506d124aff13bc0d41b32c6c826e8152c2b1be7693a9 [stream]
[debug] [2024-03-19T15:56:52.340Z] >>> [apiv2][query] POST https://upload-firebasehosting.googleapis.com/upload/sites/hail-columbia-ranch/versions/1663dd79f378ecf3/files/77464ebe1a7d2974554e760810945eec584869c71495503ffbc34622fa3a86a6 [none]
[debug] [2024-03-19T15:56:52.340Z] >>> [apiv2][body] POST https://upload-firebasehosting.googleapis.com/upload/sites/hail-columbia-ranch/versions/1663dd79f378ecf3/files/77464ebe1a7d2974554e760810945eec584869c71495503ffbc34622fa3a86a6 [stream]
[debug] [2024-03-19T15:56:52.341Z] >>> [apiv2][query] POST https://upload-firebasehosting.googleapis.com/upload/sites/hail-columbia-ranch/versions/1663dd79f378ecf3/files/391d14b3c2f8c9143a27a28c7399585142228d4d1bdbe2c87ac946de411fa9a2 [none]
[debug] [2024-03-19T15:56:52.341Z] >>> [apiv2][body] POST https://upload-firebasehosting.googleapis.com/upload/sites/hail-columbia-ranch/versions/1663dd79f378ecf3/files/391d14b3c2f8c9143a27a28c7399585142228d4d1bdbe2c87ac946de411fa9a2 [stream]
[debug] [2024-03-19T15:56:52.342Z] >>> [apiv2][query] POST https://upload-firebasehosting.googleapis.com/upload/sites/hail-columbia-ranch/versions/1663dd79f378ecf3/files/39365b800589c0663b9c34ff3e7c4ee0794b3c15b8565e2653564a82dfdf38aa [none]
[debug] [2024-03-19T15:56:52.342Z] >>> [apiv2][body] POST https://upload-firebasehosting.googleapis.com/upload/sites/hail-columbia-ranch/versions/1663dd79f378ecf3/files/39365b800589c0663b9c34ff3e7c4ee0794b3c15b8565e2653564a82dfdf38aa [stream]
[debug] [2024-03-19T15:56:52.343Z] >>> [apiv2][query] POST https://upload-firebasehosting.googleapis.com/upload/sites/hail-columbia-ranch/versions/1663dd79f378ecf3/files/599933d11f65959ce1d63a3162f5dd0096936fe3fa58d4d6a83a649bb634e260 [none]
[debug] [2024-03-19T15:56:52.343Z] >>> [apiv2][body] POST https://upload-firebasehosting.googleapis.com/upload/sites/hail-columbia-ranch/versions/1663dd79f378ecf3/files/599933d11f65959ce1d63a3162f5dd0096936fe3fa58d4d6a83a649bb634e260 [stream]
[debug] [2024-03-19T15:56:52.345Z] >>> [apiv2][query] POST https://upload-firebasehosting.googleapis.com/upload/sites/hail-columbia-ranch/versions/1663dd79f378ecf3/files/e91a7fc5430b73880030379653fc5b31debb56d9a88bb473543654b9f801c2b5 [none]
[debug] [2024-03-19T15:56:52.345Z] >>> [apiv2][body] POST https://upload-firebasehosting.googleapis.com/upload/sites/hail-columbia-ranch/versions/1663dd79f378ecf3/files/e91a7fc5430b73880030379653fc5b31debb56d9a88bb473543654b9f801c2b5 [stream]
[debug] [2024-03-19T15:56:52.347Z] >>> [apiv2][query] POST https://upload-firebasehosting.googleapis.com/upload/sites/hail-columbia-ranch/versions/1663dd79f378ecf3/files/78061b7f67e38eff517a817a7e26d02deac97cd2f0d0eb0ea5592ac434baa91f [none]
[debug] [2024-03-19T15:56:52.347Z] >>> [apiv2][body] POST https://upload-firebasehosting.googleapis.com/upload/sites/hail-columbia-ranch/versions/1663dd79f378ecf3/files/78061b7f67e38eff517a817a7e26d02deac97cd2f0d0eb0ea5592ac434baa91f [stream]
[debug] [2024-03-19T15:56:52.348Z] >>> [apiv2][query] POST https://upload-firebasehosting.googleapis.com/upload/sites/hail-columbia-ranch/versions/1663dd79f378ecf3/files/1a9ad38ab8b24174f184db3ebb5e66f7d0ff83ec67fb8443cf37f1d083e03866 [none]
[debug] [2024-03-19T15:56:52.348Z] >>> [apiv2][body] POST https://upload-firebasehosting.googleapis.com/upload/sites/hail-columbia-ranch/versions/1663dd79f378ecf3/files/1a9ad38ab8b24174f184db3ebb5e66f7d0ff83ec67fb8443cf37f1d083e03866 [stream]
[debug] [2024-03-19T15:56:52.349Z] >>> [apiv2][query] POST https://upload-firebasehosting.googleapis.com/upload/sites/hail-columbia-ranch/versions/1663dd79f378ecf3/files/191fc21360b4ccfb1cda11a1efb97f489ed22672ca83f4064316802bbfdd750e [none]
[debug] [2024-03-19T15:56:52.349Z] >>> [apiv2][body] POST https://upload-firebasehosting.googleapis.com/upload/sites/hail-columbia-ranch/versions/1663dd79f378ecf3/files/191fc21360b4ccfb1cda11a1efb97f489ed22672ca83f4064316802bbfdd750e [stream]
[debug] [2024-03-19T15:56:52.350Z] >>> [apiv2][query] POST https://upload-firebasehosting.googleapis.com/upload/sites/hail-columbia-ranch/versions/1663dd79f378ecf3/files/b72f7455f00e4e58792d2bca892abb068e2213838c0316d6b7a0d6d16acd1955 [none]
[debug] [2024-03-19T15:56:52.350Z] >>> [apiv2][body] POST https://upload-firebasehosting.googleapis.com/upload/sites/hail-columbia-ranch/versions/1663dd79f378ecf3/files/b72f7455f00e4e58792d2bca892abb068e2213838c0316d6b7a0d6d16acd1955 [stream]
[debug] [2024-03-19T15:56:52.351Z] >>> [apiv2][query] POST https://upload-firebasehosting.googleapis.com/upload/sites/hail-columbia-ranch/versions/1663dd79f378ecf3/files/ccfdee9162a14d34d60c6f7f1f1eef1f9558325281e78e0b80a15777f65a2bb9 [none]
[debug] [2024-03-19T15:56:52.351Z] >>> [apiv2][body] POST https://upload-firebasehosting.googleapis.com/upload/sites/hail-columbia-ranch/versions/1663dd79f378ecf3/files/ccfdee9162a14d34d60c6f7f1f1eef1f9558325281e78e0b80a15777f65a2bb9 [stream]
[debug] [2024-03-19T15:56:52.352Z] >>> [apiv2][query] POST https://upload-firebasehosting.googleapis.com/upload/sites/hail-columbia-ranch/versions/1663dd79f378ecf3/files/b96f963fb8473b7b66154aa0e7ed2597409529fbad328738a7d66ca4623166f6 [none]
[debug] [2024-03-19T15:56:52.352Z] >>> [apiv2][body] POST https://upload-firebasehosting.googleapis.com/upload/sites/hail-columbia-ranch/versions/1663dd79f378ecf3/files/b96f963fb8473b7b66154aa0e7ed2597409529fbad328738a7d66ca4623166f6 [stream]
[debug] [2024-03-19T15:56:52.352Z] >>> [apiv2][query] POST https://upload-firebasehosting.googleapis.com/upload/sites/hail-columbia-ranch/versions/1663dd79f378ecf3/files/08780ef2d0df0a767d01437469e492f61025d3ceeb5f52bbdc57d9a3cc5d81b2 [none]
[debug] [2024-03-19T15:56:52.352Z] >>> [apiv2][body] POST https://upload-firebasehosting.googleapis.com/upload/sites/hail-columbia-ranch/versions/1663dd79f378ecf3/files/08780ef2d0df0a767d01437469e492f61025d3ceeb5f52bbdc57d9a3cc5d81b2 [stream]
[debug] [2024-03-19T15:56:52.353Z] >>> [apiv2][query] POST https://upload-firebasehosting.googleapis.com/upload/sites/hail-columbia-ranch/versions/1663dd79f378ecf3/files/41ba93fdb297c7da3860d2f2c9437dccd0502c4d02718cc3addeb09a57ffb0f5 [none]
[debug] [2024-03-19T15:56:52.353Z] >>> [apiv2][body] POST https://upload-firebasehosting.googleapis.com/upload/sites/hail-columbia-ranch/versions/1663dd79f378ecf3/files/41ba93fdb297c7da3860d2f2c9437dccd0502c4d02718cc3addeb09a57ffb0f5 [stream]
[debug] [2024-03-19T15:56:52.354Z] >>> [apiv2][query] POST https://upload-firebasehosting.googleapis.com/upload/sites/hail-columbia-ranch/versions/1663dd79f378ecf3/files/caff018b7f1e8fd481eb1c50d75b0ef236bcd5078b1d15c8bb348453fee30293 [none]
[debug] [2024-03-19T15:56:52.354Z] >>> [apiv2][body] POST https://upload-firebasehosting.googleapis.com/upload/sites/hail-columbia-ranch/versions/1663dd79f378ecf3/files/caff018b7f1e8fd481eb1c50d75b0ef236bcd5078b1d15c8bb348453fee30293 [stream]
[debug] [2024-03-19T15:56:52.355Z] >>> [apiv2][query] POST https://upload-firebasehosting.googleapis.com/upload/sites/hail-columbia-ranch/versions/1663dd79f378ecf3/files/89d253f78c4fb2f44dd816492340d409b5d894a1793bc62cbd8d096ea35dc0ea [none]
[debug] [2024-03-19T15:56:52.355Z] >>> [apiv2][body] POST https://upload-firebasehosting.googleapis.com/upload/sites/hail-columbia-ranch/versions/1663dd79f378ecf3/files/89d253f78c4fb2f44dd816492340d409b5d894a1793bc62cbd8d096ea35dc0ea [stream]
[debug] [2024-03-19T15:56:52.355Z] >>> [apiv2][query] POST https://upload-firebasehosting.googleapis.com/upload/sites/hail-columbia-ranch/versions/1663dd79f378ecf3/files/341d52628782f8ac9290bbfc43298afccb47b7cbfcee146ae30cf0f46bc30900 [none]
[debug] [2024-03-19T15:56:52.355Z] >>> [apiv2][body] POST https://upload-firebasehosting.googleapis.com/upload/sites/hail-columbia-ranch/versions/1663dd79f378ecf3/files/341d52628782f8ac9290bbfc43298afccb47b7cbfcee146ae30cf0f46bc30900 [stream]
[debug] [2024-03-19T15:56:52.356Z] >>> [apiv2][query] POST https://upload-firebasehosting.googleapis.com/upload/sites/hail-columbia-ranch/versions/1663dd79f378ecf3/files/730bd872dda7e2474b1badf53ea2f4792d3ecc1942f324d8ed572880200d878a [none]
[debug] [2024-03-19T15:56:52.356Z] >>> [apiv2][body] POST https://upload-firebasehosting.googleapis.com/upload/sites/hail-columbia-ranch/versions/1663dd79f378ecf3/files/730bd872dda7e2474b1badf53ea2f4792d3ecc1942f324d8ed572880200d878a [stream]
[debug] [2024-03-19T15:56:52.357Z] [hosting][populate queue][FINAL] {"max":575,"min":575,"avg":575,"active":0,"complete":1,"success":1,"errored":0,"retried":0,"total":1,"elapsed":595}
[debug] [2024-03-19T15:56:52.357Z] [hosting] uploads queued: 18
[debug] [2024-03-19T15:56:52.888Z] <<< [apiv2][status] POST https://upload-firebasehosting.googleapis.com/upload/sites/hail-columbia-ranch/versions/1663dd79f378ecf3/files/b72f7455f00e4e58792d2bca892abb068e2213838c0316d6b7a0d6d16acd1955 200
[debug] [2024-03-19T15:56:52.888Z] <<< [apiv2][body] POST https://upload-firebasehosting.googleapis.com/upload/sites/hail-columbia-ranch/versions/1663dd79f378ecf3/files/b72f7455f00e4e58792d2bca892abb068e2213838c0316d6b7a0d6d16acd1955 [stream]
[debug] [2024-03-19T15:56:52.892Z] <<< [apiv2][status] POST https://upload-firebasehosting.googleapis.com/upload/sites/hail-columbia-ranch/versions/1663dd79f378ecf3/files/caff018b7f1e8fd481eb1c50d75b0ef236bcd5078b1d15c8bb348453fee30293 200
[debug] [2024-03-19T15:56:52.892Z] <<< [apiv2][body] POST https://upload-firebasehosting.googleapis.com/upload/sites/hail-columbia-ranch/versions/1663dd79f378ecf3/files/caff018b7f1e8fd481eb1c50d75b0ef236bcd5078b1d15c8bb348453fee30293 [stream]
[debug] [2024-03-19T15:56:52.896Z] <<< [apiv2][status] POST https://upload-firebasehosting.googleapis.com/upload/sites/hail-columbia-ranch/versions/1663dd79f378ecf3/files/191fc21360b4ccfb1cda11a1efb97f489ed22672ca83f4064316802bbfdd750e 200
[debug] [2024-03-19T15:56:52.896Z] <<< [apiv2][body] POST https://upload-firebasehosting.googleapis.com/upload/sites/hail-columbia-ranch/versions/1663dd79f378ecf3/files/191fc21360b4ccfb1cda11a1efb97f489ed22672ca83f4064316802bbfdd750e [stream]
[debug] [2024-03-19T15:56:52.908Z] <<< [apiv2][status] POST https://upload-firebasehosting.googleapis.com/upload/sites/hail-columbia-ranch/versions/1663dd79f378ecf3/files/39365b800589c0663b9c34ff3e7c4ee0794b3c15b8565e2653564a82dfdf38aa 200
[debug] [2024-03-19T15:56:52.908Z] <<< [apiv2][body] POST https://upload-firebasehosting.googleapis.com/upload/sites/hail-columbia-ranch/versions/1663dd79f378ecf3/files/39365b800589c0663b9c34ff3e7c4ee0794b3c15b8565e2653564a82dfdf38aa [stream]
[debug] [2024-03-19T15:56:52.913Z] <<< [apiv2][status] POST https://upload-firebasehosting.googleapis.com/upload/sites/hail-columbia-ranch/versions/1663dd79f378ecf3/files/2e5de4ec0210f6fb182d506d124aff13bc0d41b32c6c826e8152c2b1be7693a9 200
[debug] [2024-03-19T15:56:52.913Z] <<< [apiv2][body] POST https://upload-firebasehosting.googleapis.com/upload/sites/hail-columbia-ranch/versions/1663dd79f378ecf3/files/2e5de4ec0210f6fb182d506d124aff13bc0d41b32c6c826e8152c2b1be7693a9 [stream]
[debug] [2024-03-19T15:56:52.926Z] <<< [apiv2][status] POST https://upload-firebasehosting.googleapis.com/upload/sites/hail-columbia-ranch/versions/1663dd79f378ecf3/files/391d14b3c2f8c9143a27a28c7399585142228d4d1bdbe2c87ac946de411fa9a2 200
[debug] [2024-03-19T15:56:52.926Z] <<< [apiv2][body] POST https://upload-firebasehosting.googleapis.com/upload/sites/hail-columbia-ranch/versions/1663dd79f378ecf3/files/391d14b3c2f8c9143a27a28c7399585142228d4d1bdbe2c87ac946de411fa9a2 [stream]
[debug] [2024-03-19T15:56:52.963Z] <<< [apiv2][status] POST https://upload-firebasehosting.googleapis.com/upload/sites/hail-columbia-ranch/versions/1663dd79f378ecf3/files/ccfdee9162a14d34d60c6f7f1f1eef1f9558325281e78e0b80a15777f65a2bb9 200
[debug] [2024-03-19T15:56:52.963Z] <<< [apiv2][body] POST https://upload-firebasehosting.googleapis.com/upload/sites/hail-columbia-ranch/versions/1663dd79f378ecf3/files/ccfdee9162a14d34d60c6f7f1f1eef1f9558325281e78e0b80a15777f65a2bb9 [stream]
[debug] [2024-03-19T15:56:52.966Z] <<< [apiv2][status] POST https://upload-firebasehosting.googleapis.com/upload/sites/hail-columbia-ranch/versions/1663dd79f378ecf3/files/341d52628782f8ac9290bbfc43298afccb47b7cbfcee146ae30cf0f46bc30900 200
[debug] [2024-03-19T15:56:52.966Z] <<< [apiv2][body] POST https://upload-firebasehosting.googleapis.com/upload/sites/hail-columbia-ranch/versions/1663dd79f378ecf3/files/341d52628782f8ac9290bbfc43298afccb47b7cbfcee146ae30cf0f46bc30900 [stream]
[debug] [2024-03-19T15:56:52.990Z] <<< [apiv2][status] POST https://upload-firebasehosting.googleapis.com/upload/sites/hail-columbia-ranch/versions/1663dd79f378ecf3/files/e91a7fc5430b73880030379653fc5b31debb56d9a88bb473543654b9f801c2b5 200
[debug] [2024-03-19T15:56:52.990Z] <<< [apiv2][body] POST https://upload-firebasehosting.googleapis.com/upload/sites/hail-columbia-ranch/versions/1663dd79f378ecf3/files/e91a7fc5430b73880030379653fc5b31debb56d9a88bb473543654b9f801c2b5 [stream]
[debug] [2024-03-19T15:56:53.022Z] <<< [apiv2][status] POST https://upload-firebasehosting.googleapis.com/upload/sites/hail-columbia-ranch/versions/1663dd79f378ecf3/files/41ba93fdb297c7da3860d2f2c9437dccd0502c4d02718cc3addeb09a57ffb0f5 200
[debug] [2024-03-19T15:56:53.022Z] <<< [apiv2][body] POST https://upload-firebasehosting.googleapis.com/upload/sites/hail-columbia-ranch/versions/1663dd79f378ecf3/files/41ba93fdb297c7da3860d2f2c9437dccd0502c4d02718cc3addeb09a57ffb0f5 [stream]
[debug] [2024-03-19T15:56:53.026Z] <<< [apiv2][status] POST https://upload-firebasehosting.googleapis.com/upload/sites/hail-columbia-ranch/versions/1663dd79f378ecf3/files/1a9ad38ab8b24174f184db3ebb5e66f7d0ff83ec67fb8443cf37f1d083e03866 200
[debug] [2024-03-19T15:56:53.026Z] <<< [apiv2][body] POST https://upload-firebasehosting.googleapis.com/upload/sites/hail-columbia-ranch/versions/1663dd79f378ecf3/files/1a9ad38ab8b24174f184db3ebb5e66f7d0ff83ec67fb8443cf37f1d083e03866 [stream]
[debug] [2024-03-19T15:56:53.053Z] <<< [apiv2][status] POST https://upload-firebasehosting.googleapis.com/upload/sites/hail-columbia-ranch/versions/1663dd79f378ecf3/files/730bd872dda7e2474b1badf53ea2f4792d3ecc1942f324d8ed572880200d878a 200
[debug] [2024-03-19T15:56:53.053Z] <<< [apiv2][body] POST https://upload-firebasehosting.googleapis.com/upload/sites/hail-columbia-ranch/versions/1663dd79f378ecf3/files/730bd872dda7e2474b1badf53ea2f4792d3ecc1942f324d8ed572880200d878a [stream]
[debug] [2024-03-19T15:56:53.382Z] <<< [apiv2][status] POST https://upload-firebasehosting.googleapis.com/upload/sites/hail-columbia-ranch/versions/1663dd79f378ecf3/files/08780ef2d0df0a767d01437469e492f61025d3ceeb5f52bbdc57d9a3cc5d81b2 200
[debug] [2024-03-19T15:56:53.383Z] <<< [apiv2][body] POST https://upload-firebasehosting.googleapis.com/upload/sites/hail-columbia-ranch/versions/1663dd79f378ecf3/files/08780ef2d0df0a767d01437469e492f61025d3ceeb5f52bbdc57d9a3cc5d81b2 [stream]
[debug] [2024-03-19T15:56:54.760Z] <<< [apiv2][status] POST https://upload-firebasehosting.googleapis.com/upload/sites/hail-columbia-ranch/versions/1663dd79f378ecf3/files/b96f963fb8473b7b66154aa0e7ed2597409529fbad328738a7d66ca4623166f6 200
[debug] [2024-03-19T15:56:54.761Z] <<< [apiv2][body] POST https://upload-firebasehosting.googleapis.com/upload/sites/hail-columbia-ranch/versions/1663dd79f378ecf3/files/b96f963fb8473b7b66154aa0e7ed2597409529fbad328738a7d66ca4623166f6 [stream]
[debug] [2024-03-19T15:57:07.816Z] <<< [apiv2][status] POST https://upload-firebasehosting.googleapis.com/upload/sites/hail-columbia-ranch/versions/1663dd79f378ecf3/files/599933d11f65959ce1d63a3162f5dd0096936fe3fa58d4d6a83a649bb634e260 200
[debug] [2024-03-19T15:57:07.816Z] <<< [apiv2][body] POST https://upload-firebasehosting.googleapis.com/upload/sites/hail-columbia-ranch/versions/1663dd79f378ecf3/files/599933d11f65959ce1d63a3162f5dd0096936fe3fa58d4d6a83a649bb634e260 [stream]
[debug] [2024-03-19T15:57:11.323Z] <<< [apiv2][status] POST https://upload-firebasehosting.googleapis.com/upload/sites/hail-columbia-ranch/versions/1663dd79f378ecf3/files/78061b7f67e38eff517a817a7e26d02deac97cd2f0d0eb0ea5592ac434baa91f 200
[debug] [2024-03-19T15:57:11.323Z] <<< [apiv2][body] POST https://upload-firebasehosting.googleapis.com/upload/sites/hail-columbia-ranch/versions/1663dd79f378ecf3/files/78061b7f67e38eff517a817a7e26d02deac97cd2f0d0eb0ea5592ac434baa91f [stream]
[debug] [2024-03-19T15:57:13.306Z] <<< [apiv2][status] POST https://upload-firebasehosting.googleapis.com/upload/sites/hail-columbia-ranch/versions/1663dd79f378ecf3/files/89d253f78c4fb2f44dd816492340d409b5d894a1793bc62cbd8d096ea35dc0ea 200
[debug] [2024-03-19T15:57:13.306Z] <<< [apiv2][body] POST https://upload-firebasehosting.googleapis.com/upload/sites/hail-columbia-ranch/versions/1663dd79f378ecf3/files/89d253f78c4fb2f44dd816492340d409b5d894a1793bc62cbd8d096ea35dc0ea [stream]
